  input.cpp
  main.cpp
  resource_manager.cpp
  core.cpp
D:\Scripts\CaptainEngine\source\core\core.cpp(231,21): warning C4018: <: несоответствие типов со знаком и без знака
D:\Scripts\CaptainEngine\source\core\core.cpp(235,21): warning C4018: <: несоответствие типов со знаком и без знака
  entity.cpp
D:\Scripts\CaptainEngine\source\core\entity.cpp(132,44): warning C4244: аргумент: преобразование "const double" в "T", возможна потеря данных
          with
          [
              T=float
          ]
D:\Scripts\CaptainEngine\source\core\entity.cpp(132,36): warning C4244: аргумент: преобразование "const double" в "T", возможна потеря данных
          with
          [
              T=float
          ]
D:\Scripts\CaptainEngine\source\core\entity.cpp(137,50): warning C4244: аргумент: преобразование "int" в "float", возможна потеря данных
D:\Scripts\CaptainEngine\source\core\entity.cpp(137,33): warning C4244: аргумент: преобразование "int" в "float", возможна потеря данных
  gui.cpp
  level.cpp
D:\Scripts\CaptainEngine\source\core\level.cpp(66,23): warning C4244: аргумент: преобразование "int" в "float", возможна потеря данных
D:\Scripts\CaptainEngine\source\core\level.cpp(66,20): warning C4244: аргумент: преобразование "int" в "float", возможна потеря данных
D:\Scripts\CaptainEngine\source\core\level.cpp(163,21): warning C4018: <: несоответствие типов со знаком и без знака
  loaders.cpp
D:\Scripts\CaptainEngine\source\loaders.cpp(203,33): warning C4129: /: неизвестная escape-последовательность
  Создание кода
  Создание кода завершено
  55 of 3371 functions ( 1.6%) were compiled, the rest were copied from previous compilation.
    0 functions were new in current compilation
    21 functions had inline decision re-evaluated but remain unchanged
  CaptainEngine.vcxproj -> D:\Scripts\CaptainEngine\Release\CaptainEngine.exe
