c:\users\uservso\desktop\sergey\vs\captainengine\captainengine\release\vc142.pdb
c:\users\uservso\desktop\sergey\vs\captainengine\captainengine\release\levelloader.obj
c:\users\uservso\desktop\sergey\vs\captainengine\captainengine\release\tiledloadercsv.obj
c:\users\uservso\desktop\sergey\vs\captainengine\captainengine\release\imgui-sfml.obj
c:\users\uservso\desktop\sergey\vs\captainengine\captainengine\release\types.obj
c:\users\uservso\desktop\sergey\vs\captainengine\captainengine\release\script.obj
c:\users\uservso\desktop\sergey\vs\captainengine\captainengine\release\level.obj
c:\users\uservso\desktop\sergey\vs\captainengine\captainengine\release\gui.obj
c:\users\uservso\desktop\sergey\vs\captainengine\captainengine\release\entity.obj
c:\users\uservso\desktop\sergey\vs\captainengine\captainengine\release\core.obj
c:\users\uservso\desktop\sergey\vs\captainengine\captainengine\release\main.obj
c:\users\uservso\desktop\sergey\vs\captainengine\captainengine\release\tinyxml2.obj
c:\users\uservso\desktop\sergey\vs\captainengine\captainengine\release\imgui_widgets.obj
c:\users\uservso\desktop\sergey\vs\captainengine\captainengine\release\imgui_draw.obj
c:\users\uservso\desktop\sergey\vs\captainengine\captainengine\release\imgui_demo.obj
c:\users\uservso\desktop\sergey\vs\captainengine\captainengine\release\imgui.obj
c:\users\uservso\desktop\sergey\vs\captainengine\captainengine\release\lopcodes.obj
c:\users\uservso\desktop\sergey\vs\captainengine\captainengine\release\lobject.obj
c:\users\uservso\desktop\sergey\vs\captainengine\captainengine\release\loadlib.obj
c:\users\uservso\desktop\sergey\vs\captainengine\captainengine\release\lmem.obj
c:\users\uservso\desktop\sergey\vs\captainengine\captainengine\release\lmathlib.obj
c:\users\uservso\desktop\sergey\vs\captainengine\captainengine\release\llex.obj
c:\users\uservso\desktop\sergey\vs\captainengine\captainengine\release\liolib.obj
c:\users\uservso\desktop\sergey\vs\captainengine\captainengine\release\linit.obj
c:\users\uservso\desktop\sergey\vs\captainengine\captainengine\release\lgc.obj
c:\users\uservso\desktop\sergey\vs\captainengine\captainengine\release\lfunc.obj
c:\users\uservso\desktop\sergey\vs\captainengine\captainengine\release\ldump.obj
c:\users\uservso\desktop\sergey\vs\captainengine\captainengine\release\ldo.obj
c:\users\uservso\desktop\sergey\vs\captainengine\captainengine\release\ldebug.obj
c:\users\uservso\desktop\sergey\vs\captainengine\captainengine\release\ldblib.obj
c:\users\uservso\desktop\sergey\vs\captainengine\captainengine\release\lctype.obj
c:\users\uservso\desktop\sergey\vs\captainengine\captainengine\release\lcorolib.obj
c:\users\uservso\desktop\sergey\vs\captainengine\captainengine\release\lcode.obj
c:\users\uservso\desktop\sergey\vs\captainengine\captainengine\release\lbaselib.obj
c:\users\uservso\desktop\sergey\vs\captainengine\captainengine\release\lauxlib.obj
c:\users\uservso\desktop\sergey\vs\captainengine\captainengine\release\lapi.obj
c:\users\uservso\desktop\sergey\vs\captainengine\captainengine\release\lzio.obj
c:\users\uservso\desktop\sergey\vs\captainengine\captainengine\release\lvm.obj
c:\users\uservso\desktop\sergey\vs\captainengine\captainengine\release\lutf8lib.obj
c:\users\uservso\desktop\sergey\vs\captainengine\captainengine\release\lundump.obj
c:\users\uservso\desktop\sergey\vs\captainengine\captainengine\release\luac.obj
c:\users\uservso\desktop\sergey\vs\captainengine\captainengine\release\lua.obj
c:\users\uservso\desktop\sergey\vs\captainengine\captainengine\release\ltm.obj
c:\users\uservso\desktop\sergey\vs\captainengine\captainengine\release\ltablib.obj
c:\users\uservso\desktop\sergey\vs\captainengine\captainengine\release\ltable.obj
c:\users\uservso\desktop\sergey\vs\captainengine\captainengine\release\lstrlib.obj
c:\users\uservso\desktop\sergey\vs\captainengine\captainengine\release\lstring.obj
c:\users\uservso\desktop\sergey\vs\captainengine\captainengine\release\lstate.obj
c:\users\uservso\desktop\sergey\vs\captainengine\captainengine\release\lparser.obj
c:\users\uservso\desktop\sergey\vs\captainengine\captainengine\release\loslib.obj
c:\users\uservso\desktop\sergey\vs\captainengine\captainengine\release\captainengine.tlog\cl.command.1.tlog
c:\users\uservso\desktop\sergey\vs\captainengine\captainengine\release\captainengine.tlog\cl.read.1.tlog
c:\users\uservso\desktop\sergey\vs\captainengine\captainengine\release\captainengine.tlog\cl.write.1.tlog
c:\users\uservso\desktop\sergey\vs\captainengine\captainengine\release\captainengine.tlog\link.command.1.tlog
c:\users\uservso\desktop\sergey\vs\captainengine\captainengine\release\captainengine.tlog\link.read.1.tlog
c:\users\uservso\desktop\sergey\vs\captainengine\captainengine\release\captainengine.tlog\link.write.1.tlog
